2020-06-12 17:59:49.837  INFO 17540 --- [main] c.yzg.blog.portal.BlogPortalApplication  : Starting BlogPortalApplication on LAPTOP-A6M7HG8L with PID 17540 (D:\IdeaProjects\github\blog-houtai\blog-controller\target\classes started by yangzg in D:\IdeaProjects\github\blog-houtai)
2020-06-12 17:59:49.841  INFO 17540 --- [main] c.yzg.blog.portal.BlogPortalApplication  : The following profiles are active: local
2020-06-12 17:59:51.183  INFO 17540 --- [main] trationDelegate$BeanPostProcessorChecker : Bean 'org.springframework.transaction.annotation.ProxyTransactionManagementConfiguration' of type [org.springframework.transaction.annotation.ProxyTransactionManagementConfiguration$$EnhancerBySpringCGLIB$$5bd86eed] is not eligible for getting processed by all BeanPostProcessors (for example: not eligible for auto-proxying)
2020-06-12 17:59:51.437  INFO 17540 --- [main] o.s.b.w.embedded.tomcat.TomcatWebServer  : Tomcat initialized with port(s): 8080 (http)
2020-06-12 17:59:51.460  INFO 17540 --- [main] o.apache.catalina.core.StandardService   : Starting service [Tomcat]
2020-06-12 17:59:51.460  INFO 17540 --- [main] org.apache.catalina.core.StandardEngine  : Starting Servlet engine: [Apache Tomcat/9.0.22]
2020-06-12 17:59:51.583  INFO 17540 --- [main] o.a.c.c.C.[Tomcat].[localhost].[/]       : Initializing Spring embedded WebApplicationContext
2020-06-12 17:59:51.583  INFO 17540 --- [main] o.s.web.context.ContextLoader            : Root WebApplicationContext: initialization completed in 1669 ms
2020-06-12 17:59:51.757  INFO 17540 --- [main] c.a.d.s.b.a.DruidDataSourceAutoConfigure : Init DruidDataSource
2020-06-12 17:59:51.957  INFO 17540 --- [main] com.alibaba.druid.pool.DruidDataSource   : {dataSource-1} inited
2020-06-12 17:59:52.732  INFO 17540 --- [main] o.s.s.concurrent.ThreadPoolTaskExecutor  : Initializing ExecutorService 'applicationTaskExecutor'
2020-06-12 17:59:53.098  INFO 17540 --- [main] o.s.s.c.ThreadPoolTaskScheduler          : Initializing ExecutorService 'taskScheduler'
2020-06-12 17:59:53.136  INFO 17540 --- [main] o.s.b.a.e.web.EndpointLinksResolver      : Exposing 2 endpoint(s) beneath base path '/actuator'
2020-06-12 17:59:53.219  INFO 17540 --- [main] o.s.b.w.embedded.tomcat.TomcatWebServer  : Tomcat started on port(s): 8080 (http) with context path ''
2020-06-12 17:59:53.222  INFO 17540 --- [main] c.yzg.blog.portal.BlogPortalApplication  : Started BlogPortalApplication in 3.869 seconds (JVM running for 4.641)
2020-06-12 17:59:53.565  INFO 17540 --- [RMI TCP Connection(1)-192.168.2.172] o.a.c.c.C.[Tomcat].[localhost].[/]       : Initializing Spring DispatcherServlet 'dispatcherServlet'
2020-06-12 17:59:53.565  INFO 17540 --- [RMI TCP Connection(1)-192.168.2.172] o.s.web.servlet.DispatcherServlet        : Initializing Servlet 'dispatcherServlet'
2020-06-12 17:59:53.579  INFO 17540 --- [RMI TCP Connection(1)-192.168.2.172] o.s.web.servlet.DispatcherServlet        : Completed initialization in 14 ms
2020-06-12 18:04:57.183  INFO 17540 --- [http-nio-8080-exec-1] c.y.b.portal.controller.UserController   : 获取用户详细信息UserController.getUserInfo, id = 28
2020-06-12 18:36:46.848  INFO 17540 --- [Thread-10] o.s.s.c.ThreadPoolTaskScheduler          : Shutting down ExecutorService 'taskScheduler'
2020-06-12 18:36:46.849  INFO 17540 --- [Thread-10] o.s.s.concurrent.ThreadPoolTaskExecutor  : Shutting down ExecutorService 'applicationTaskExecutor'
2020-06-12 18:36:46.851  INFO 17540 --- [Thread-10] com.alibaba.druid.pool.DruidDataSource   : {dataSource-1} closed
2020-06-12 18:36:54.087  INFO 18116 --- [main] c.yzg.blog.portal.BlogPortalApplication  : Starting BlogPortalApplication on LAPTOP-A6M7HG8L with PID 18116 (D:\IdeaProjects\github\blog-houtai\blog-controller\target\classes started by yangzg in D:\IdeaProjects\github\blog-houtai)
2020-06-12 18:36:54.091  INFO 18116 --- [main] c.yzg.blog.portal.BlogPortalApplication  : The following profiles are active: local
2020-06-12 18:36:55.282  INFO 18116 --- [main] trationDelegate$BeanPostProcessorChecker : Bean 'org.springframework.transaction.annotation.ProxyTransactionManagementConfiguration' of type [org.springframework.transaction.annotation.ProxyTransactionManagementConfiguration$$EnhancerBySpringCGLIB$$35cbcdb7] is not eligible for getting processed by all BeanPostProcessors (for example: not eligible for auto-proxying)
2020-06-12 18:36:55.519  INFO 18116 --- [main] o.s.b.w.embedded.tomcat.TomcatWebServer  : Tomcat initialized with port(s): 8080 (http)
2020-06-12 18:36:55.539  INFO 18116 --- [main] o.apache.catalina.core.StandardService   : Starting service [Tomcat]
2020-06-12 18:36:55.539  INFO 18116 --- [main] org.apache.catalina.core.StandardEngine  : Starting Servlet engine: [Apache Tomcat/9.0.22]
2020-06-12 18:36:55.638  INFO 18116 --- [main] o.a.c.c.C.[Tomcat].[localhost].[/]       : Initializing Spring embedded WebApplicationContext
2020-06-12 18:36:55.638  INFO 18116 --- [main] o.s.web.context.ContextLoader            : Root WebApplicationContext: initialization completed in 1487 ms
2020-06-12 18:36:55.801  INFO 18116 --- [main] c.a.d.s.b.a.DruidDataSourceAutoConfigure : Init DruidDataSource
2020-06-12 18:36:55.985  INFO 18116 --- [main] com.alibaba.druid.pool.DruidDataSource   : {dataSource-1} inited
2020-06-12 18:36:56.724  INFO 18116 --- [main] o.s.s.concurrent.ThreadPoolTaskExecutor  : Initializing ExecutorService 'applicationTaskExecutor'
2020-06-12 18:36:57.016  INFO 18116 --- [main] o.s.s.c.ThreadPoolTaskScheduler          : Initializing ExecutorService 'taskScheduler'
2020-06-12 18:36:57.043  INFO 18116 --- [main] o.s.b.a.e.web.EndpointLinksResolver      : Exposing 2 endpoint(s) beneath base path '/actuator'
2020-06-12 18:36:57.121  INFO 18116 --- [main] o.s.b.w.embedded.tomcat.TomcatWebServer  : Tomcat started on port(s): 8080 (http) with context path ''
2020-06-12 18:36:57.124  INFO 18116 --- [main] c.yzg.blog.portal.BlogPortalApplication  : Started BlogPortalApplication in 3.445 seconds (JVM running for 4.113)
2020-06-12 18:36:57.528  INFO 18116 --- [RMI TCP Connection(2)-192.168.2.172] o.a.c.c.C.[Tomcat].[localhost].[/]       : Initializing Spring DispatcherServlet 'dispatcherServlet'
2020-06-12 18:36:57.528  INFO 18116 --- [RMI TCP Connection(2)-192.168.2.172] o.s.web.servlet.DispatcherServlet        : Initializing Servlet 'dispatcherServlet'
2020-06-12 18:36:57.536  INFO 18116 --- [RMI TCP Connection(2)-192.168.2.172] o.s.web.servlet.DispatcherServlet        : Completed initialization in 8 ms
2020-06-12 18:37:24.426  INFO 18116 --- [Thread-9] o.s.s.c.ThreadPoolTaskScheduler          : Shutting down ExecutorService 'taskScheduler'
2020-06-12 18:37:24.428  INFO 18116 --- [Thread-9] o.s.s.concurrent.ThreadPoolTaskExecutor  : Shutting down ExecutorService 'applicationTaskExecutor'
2020-06-12 18:37:24.432  INFO 18116 --- [Thread-9] com.alibaba.druid.pool.DruidDataSource   : {dataSource-1} closed
2020-06-12 18:37:33.948  INFO 19228 --- [main] c.yzg.blog.portal.BlogPortalApplication  : Starting BlogPortalApplication on LAPTOP-A6M7HG8L with PID 19228 (D:\IdeaProjects\github\blog-houtai\blog-controller\target\classes started by yangzg in D:\IdeaProjects\github\blog-houtai)
2020-06-12 18:37:33.951  INFO 19228 --- [main] c.yzg.blog.portal.BlogPortalApplication  : The following profiles are active: local
2020-06-12 18:37:34.829  INFO 19228 --- [main] .s.d.r.c.RepositoryConfigurationDelegate : Multiple Spring Data modules found, entering strict repository configuration mode!
2020-06-12 18:37:34.831  INFO 19228 --- [main] .s.d.r.c.RepositoryConfigurationDelegate : Bootstrapping Spring Data repositories in DEFAULT mode.
2020-06-12 18:37:34.858  INFO 19228 --- [main] .s.d.r.c.RepositoryConfigurationDelegate : Finished Spring Data repository scanning in 15ms. Found 0 repository interfaces.
2020-06-12 18:37:35.221  INFO 19228 --- [main] trationDelegate$BeanPostProcessorChecker : Bean 'org.springframework.transaction.annotation.ProxyTransactionManagementConfiguration' of type [org.springframework.transaction.annotation.ProxyTransactionManagementConfiguration$$EnhancerBySpringCGLIB$$1cae6e17] is not eligible for getting processed by all BeanPostProcessors (for example: not eligible for auto-proxying)
2020-06-12 18:37:35.461  INFO 19228 --- [main] o.s.b.w.embedded.tomcat.TomcatWebServer  : Tomcat initialized with port(s): 8080 (http)
2020-06-12 18:37:35.481  INFO 19228 --- [main] o.apache.catalina.core.StandardService   : Starting service [Tomcat]
2020-06-12 18:37:35.482  INFO 19228 --- [main] org.apache.catalina.core.StandardEngine  : Starting Servlet engine: [Apache Tomcat/9.0.22]
2020-06-12 18:37:35.590  INFO 19228 --- [main] o.a.c.c.C.[Tomcat].[localhost].[/]       : Initializing Spring embedded WebApplicationContext
2020-06-12 18:37:35.591  INFO 19228 --- [main] o.s.web.context.ContextLoader            : Root WebApplicationContext: initialization completed in 1573 ms
2020-06-12 18:37:35.809  INFO 19228 --- [main] c.a.d.s.b.a.DruidDataSourceAutoConfigure : Init DruidDataSource
2020-06-12 18:37:35.932  INFO 19228 --- [main] com.alibaba.druid.pool.DruidDataSource   : {dataSource-1} inited
2020-06-12 18:37:36.852  INFO 19228 --- [main] o.s.s.concurrent.ThreadPoolTaskExecutor  : Initializing ExecutorService 'applicationTaskExecutor'
2020-06-12 18:37:37.276  INFO 19228 --- [main] o.s.s.c.ThreadPoolTaskScheduler          : Initializing ExecutorService 'taskScheduler'
2020-06-12 18:37:37.303  INFO 19228 --- [main] o.s.b.a.e.web.EndpointLinksResolver      : Exposing 2 endpoint(s) beneath base path '/actuator'
2020-06-12 18:37:37.386  INFO 19228 --- [main] o.s.b.w.embedded.tomcat.TomcatWebServer  : Tomcat started on port(s): 8080 (http) with context path ''
2020-06-12 18:37:37.389  INFO 19228 --- [main] c.yzg.blog.portal.BlogPortalApplication  : Started BlogPortalApplication in 3.882 seconds (JVM running for 4.588)
2020-06-12 18:37:37.737  INFO 19228 --- [RMI TCP Connection(1)-192.168.2.172] o.a.c.c.C.[Tomcat].[localhost].[/]       : Initializing Spring DispatcherServlet 'dispatcherServlet'
2020-06-12 18:37:37.737  INFO 19228 --- [RMI TCP Connection(1)-192.168.2.172] o.s.web.servlet.DispatcherServlet        : Initializing Servlet 'dispatcherServlet'
2020-06-12 18:37:37.749  INFO 19228 --- [RMI TCP Connection(1)-192.168.2.172] o.s.web.servlet.DispatcherServlet        : Completed initialization in 12 ms
2020-06-12 18:37:38.380  INFO 19228 --- [parallel-1] io.lettuce.core.EpollProvider            : Starting without optional epoll library
2020-06-12 18:37:38.382  INFO 19228 --- [parallel-1] io.lettuce.core.KqueueProvider           : Starting without optional kqueue library
2020-06-12 18:38:12.378  INFO 19228 --- [Thread-10] o.s.s.c.ThreadPoolTaskScheduler          : Shutting down ExecutorService 'taskScheduler'
2020-06-12 18:38:12.379  INFO 19228 --- [Thread-10] o.s.s.concurrent.ThreadPoolTaskExecutor  : Shutting down ExecutorService 'applicationTaskExecutor'
2020-06-12 18:38:13.507  INFO 19228 --- [Thread-10] com.alibaba.druid.pool.DruidDataSource   : {dataSource-1} closed
2020-06-12 18:38:17.632  INFO 12220 --- [main] c.yzg.blog.portal.BlogPortalApplication  : Starting BlogPortalApplication on LAPTOP-A6M7HG8L with PID 12220 (D:\IdeaProjects\github\blog-houtai\blog-controller\target\classes started by yangzg in D:\IdeaProjects\github\blog-houtai)
2020-06-12 18:38:17.635  INFO 12220 --- [main] c.yzg.blog.portal.BlogPortalApplication  : The following profiles are active: local
2020-06-12 18:38:18.548  INFO 12220 --- [main] .s.d.r.c.RepositoryConfigurationDelegate : Multiple Spring Data modules found, entering strict repository configuration mode!
2020-06-12 18:38:18.551  INFO 12220 --- [main] .s.d.r.c.RepositoryConfigurationDelegate : Bootstrapping Spring Data repositories in DEFAULT mode.
2020-06-12 18:38:18.577  INFO 12220 --- [main] .s.d.r.c.RepositoryConfigurationDelegate : Finished Spring Data repository scanning in 14ms. Found 0 repository interfaces.
2020-06-12 18:38:18.937  INFO 12220 --- [main] trationDelegate$BeanPostProcessorChecker : Bean 'org.springframework.transaction.annotation.ProxyTransactionManagementConfiguration' of type [org.springframework.transaction.annotation.ProxyTransactionManagementConfiguration$$EnhancerBySpringCGLIB$$8d0d032d] is not eligible for getting processed by all BeanPostProcessors (for example: not eligible for auto-proxying)
2020-06-12 18:38:19.204  INFO 12220 --- [main] o.s.b.w.embedded.tomcat.TomcatWebServer  : Tomcat initialized with port(s): 8080 (http)
2020-06-12 18:38:19.226  INFO 12220 --- [main] o.apache.catalina.core.StandardService   : Starting service [Tomcat]
2020-06-12 18:38:19.226  INFO 12220 --- [main] org.apache.catalina.core.StandardEngine  : Starting Servlet engine: [Apache Tomcat/9.0.22]
2020-06-12 18:38:19.345  INFO 12220 --- [main] o.a.c.c.C.[Tomcat].[localhost].[/]       : Initializing Spring embedded WebApplicationContext
2020-06-12 18:38:19.345  INFO 12220 --- [main] o.s.web.context.ContextLoader            : Root WebApplicationContext: initialization completed in 1651 ms
2020-06-12 18:38:19.565  INFO 12220 --- [main] c.a.d.s.b.a.DruidDataSourceAutoConfigure : Init DruidDataSource
2020-06-12 18:38:19.694  INFO 12220 --- [main] com.alibaba.druid.pool.DruidDataSource   : {dataSource-1} inited
2020-06-12 18:38:20.649  INFO 12220 --- [main] o.s.s.concurrent.ThreadPoolTaskExecutor  : Initializing ExecutorService 'applicationTaskExecutor'
2020-06-12 18:38:21.103  INFO 12220 --- [main] o.s.s.c.ThreadPoolTaskScheduler          : Initializing ExecutorService 'taskScheduler'
2020-06-12 18:38:21.134  INFO 12220 --- [main] o.s.b.a.e.web.EndpointLinksResolver      : Exposing 2 endpoint(s) beneath base path '/actuator'
2020-06-12 18:38:21.219  INFO 12220 --- [main] o.s.b.w.embedded.tomcat.TomcatWebServer  : Tomcat started on port(s): 8080 (http) with context path ''
2020-06-12 18:38:21.223  INFO 12220 --- [main] c.yzg.blog.portal.BlogPortalApplication  : Started BlogPortalApplication in 4.016 seconds (JVM running for 4.755)
2020-06-12 18:38:21.724  INFO 12220 --- [RMI TCP Connection(3)-192.168.2.172] o.a.c.c.C.[Tomcat].[localhost].[/]       : Initializing Spring DispatcherServlet 'dispatcherServlet'
2020-06-12 18:38:21.725  INFO 12220 --- [RMI TCP Connection(3)-192.168.2.172] o.s.web.servlet.DispatcherServlet        : Initializing Servlet 'dispatcherServlet'
2020-06-12 18:38:21.733  INFO 12220 --- [RMI TCP Connection(3)-192.168.2.172] o.s.web.servlet.DispatcherServlet        : Completed initialization in 8 ms
2020-06-12 18:38:22.172  INFO 12220 --- [parallel-1] io.lettuce.core.EpollProvider            : Starting without optional epoll library
2020-06-12 18:38:22.173  INFO 12220 --- [parallel-1] io.lettuce.core.KqueueProvider           : Starting without optional kqueue library
2020-06-12 18:38:49.218  INFO 12220 --- [Thread-10] o.s.s.c.ThreadPoolTaskScheduler          : Shutting down ExecutorService 'taskScheduler'
2020-06-12 18:38:49.219  INFO 12220 --- [Thread-10] o.s.s.concurrent.ThreadPoolTaskExecutor  : Shutting down ExecutorService 'applicationTaskExecutor'
2020-06-12 18:38:50.346  INFO 12220 --- [Thread-10] com.alibaba.druid.pool.DruidDataSource   : {dataSource-1} closed
2020-06-12 18:38:54.508  INFO 11860 --- [main] c.yzg.blog.portal.BlogPortalApplication  : Starting BlogPortalApplication on LAPTOP-A6M7HG8L with PID 11860 (D:\IdeaProjects\github\blog-houtai\blog-controller\target\classes started by yangzg in D:\IdeaProjects\github\blog-houtai)
2020-06-12 18:38:54.512  INFO 11860 --- [main] c.yzg.blog.portal.BlogPortalApplication  : The following profiles are active: local
2020-06-12 18:38:55.498  INFO 11860 --- [main] .s.d.r.c.RepositoryConfigurationDelegate : Multiple Spring Data modules found, entering strict repository configuration mode!
2020-06-12 18:38:55.502  INFO 11860 --- [main] .s.d.r.c.RepositoryConfigurationDelegate : Bootstrapping Spring Data repositories in DEFAULT mode.
2020-06-12 18:38:55.543  INFO 11860 --- [main] .s.d.r.c.RepositoryConfigurationDelegate : Finished Spring Data repository scanning in 22ms. Found 0 repository interfaces.
2020-06-12 18:38:55.970  INFO 11860 --- [main] trationDelegate$BeanPostProcessorChecker : Bean 'org.springframework.transaction.annotation.ProxyTransactionManagementConfiguration' of type [org.springframework.transaction.annotation.ProxyTransactionManagementConfiguration$$EnhancerBySpringCGLIB$$6e3cad4e] is not eligible for getting processed by all BeanPostProcessors (for example: not eligible for auto-proxying)
2020-06-12 18:38:56.243  INFO 11860 --- [main] o.s.b.w.embedded.tomcat.TomcatWebServer  : Tomcat initialized with port(s): 8080 (http)
2020-06-12 18:38:56.266  INFO 11860 --- [main] o.apache.catalina.core.StandardService   : Starting service [Tomcat]
2020-06-12 18:38:56.266  INFO 11860 --- [main] org.apache.catalina.core.StandardEngine  : Starting Servlet engine: [Apache Tomcat/9.0.22]
2020-06-12 18:38:56.388  INFO 11860 --- [main] o.a.c.c.C.[Tomcat].[localhost].[/]       : Initializing Spring embedded WebApplicationContext
2020-06-12 18:38:56.388  INFO 11860 --- [main] o.s.web.context.ContextLoader            : Root WebApplicationContext: initialization completed in 1814 ms
2020-06-12 18:38:56.609  INFO 11860 --- [main] c.a.d.s.b.a.DruidDataSourceAutoConfigure : Init DruidDataSource
2020-06-12 18:38:56.734  INFO 11860 --- [main] com.alibaba.druid.pool.DruidDataSource   : {dataSource-1} inited
2020-06-12 18:38:57.323  WARN 11860 --- [main] ConfigServletWebServerApplicationContext : Exception encountered during context initialization - cancelling refresh attempt: org.springframework.beans.factory.BeanCreationException: Error creating bean with name 'userController': Injection of resource dependencies failed; nested exception is org.springframework.beans.factory.BeanCreationException: Error creating bean with name 'userServiceImpl': Injection of resource dependencies failed; nested exception is org.springframework.beans.factory.BeanNotOfRequiredTypeException: Bean named 'redisTemplate' is expected to be of type 'org.springframework.data.redis.core.StringRedisTemplate' but was actually of type 'org.springframework.data.redis.core.RedisTemplate'
2020-06-12 18:38:57.338  INFO 11860 --- [main] com.alibaba.druid.pool.DruidDataSource   : {dataSource-1} closed
2020-06-12 18:38:57.341  INFO 11860 --- [main] o.apache.catalina.core.StandardService   : Stopping service [Tomcat]
2020-06-12 18:38:57.354  INFO 11860 --- [main] ConditionEvaluationReportLoggingListener : 

Error starting ApplicationContext. To display the conditions report re-run your application with 'debug' enabled.
2020-06-12 18:38:57.365 ERROR 11860 --- [main] o.s.boot.SpringApplication               : Application run failed

org.springframework.beans.factory.BeanCreationException: Error creating bean with name 'userController': Injection of resource dependencies failed; nested exception is org.springframework.beans.factory.BeanCreationException: Error creating bean with name 'userServiceImpl': Injection of resource dependencies failed; nested exception is org.springframework.beans.factory.BeanNotOfRequiredTypeException: Bean named 'redisTemplate' is expected to be of type 'org.springframework.data.redis.core.StringRedisTemplate' but was actually of type 'org.springframework.data.redis.core.RedisTemplate'
	at org.springframework.context.annotation.CommonAnnotationBeanPostProcessor.postProcessProperties(CommonAnnotationBeanPostProcessor.java:324) ~[spring-context-5.1.9.RELEASE.jar:5.1.9.RELEASE]
	at org.springframework.beans.factory.support.AbstractAutowireCapableBeanFactory.populateBean(AbstractAutowireCapableBeanFactory.java:1411) ~[spring-beans-5.1.9.RELEASE.jar:5.1.9.RELEASE]
	at org.springframework.beans.factory.support.AbstractAutowireCapableBeanFactory.doCreateBean(AbstractAutowireCapableBeanFactory.java:592) ~[spring-beans-5.1.9.RELEASE.jar:5.1.9.RELEASE]
	at org.springframework.beans.factory.support.AbstractAutowireCapableBeanFactory.createBean(AbstractAutowireCapableBeanFactory.java:515) ~[spring-beans-5.1.9.RELEASE.jar:5.1.9.RELEASE]
	at org.springframework.beans.factory.support.AbstractBeanFactory.lambda$doGetBean$0(AbstractBeanFactory.java:320) ~[spring-beans-5.1.9.RELEASE.jar:5.1.9.RELEASE]
	at org.springframework.beans.factory.support.DefaultSingletonBeanRegistry.getSingleton(DefaultSingletonBeanRegistry.java:222) ~[spring-beans-5.1.9.RELEASE.jar:5.1.9.RELEASE]
	at org.springframework.beans.factory.support.AbstractBeanFactory.doGetBean(AbstractBeanFactory.java:318) ~[spring-beans-5.1.9.RELEASE.jar:5.1.9.RELEASE]
	at org.springframework.beans.factory.support.AbstractBeanFactory.getBean(AbstractBeanFactory.java:199) ~[spring-beans-5.1.9.RELEASE.jar:5.1.9.RELEASE]
	at org.springframework.beans.factory.support.DefaultListableBeanFactory.preInstantiateSingletons(DefaultListableBeanFactory.java:845) ~[spring-beans-5.1.9.RELEASE.jar:5.1.9.RELEASE]
	at org.springframework.context.support.AbstractApplicationContext.finishBeanFactoryInitialization(AbstractApplicationContext.java:877) ~[spring-context-5.1.9.RELEASE.jar:5.1.9.RELEASE]
	at org.springframework.context.support.AbstractApplicationContext.refresh(AbstractApplicationContext.java:549) ~[spring-context-5.1.9.RELEASE.jar:5.1.9.RELEASE]
	at org.springframework.boot.web.servlet.context.ServletWebServerApplicationContext.refresh(ServletWebServerApplicationContext.java:141) ~[spring-boot-2.1.7.RELEASE.jar:2.1.7.RELEASE]
	at org.springframework.boot.SpringApplication.refresh(SpringApplication.java:743) [spring-boot-2.1.7.RELEASE.jar:2.1.7.RELEASE]
	at org.springframework.boot.SpringApplication.refreshContext(SpringApplication.java:390) [spring-boot-2.1.7.RELEASE.jar:2.1.7.RELEASE]
	at org.springframework.boot.SpringApplication.run(SpringApplication.java:312) [spring-boot-2.1.7.RELEASE.jar:2.1.7.RELEASE]
	at org.springframework.boot.SpringApplication.run(SpringApplication.java:1214) [spring-boot-2.1.7.RELEASE.jar:2.1.7.RELEASE]
	at org.springframework.boot.SpringApplication.run(SpringApplication.java:1203) [spring-boot-2.1.7.RELEASE.jar:2.1.7.RELEASE]
	at com.yzg.blog.portal.BlogPortalApplication.main(BlogPortalApplication.java:15) [classes/:na]
Caused by: org.springframework.beans.factory.BeanCreationException: Error creating bean with name 'userServiceImpl': Injection of resource dependencies failed; nested exception is org.springframework.beans.factory.BeanNotOfRequiredTypeException: Bean named 'redisTemplate' is expected to be of type 'org.springframework.data.redis.core.StringRedisTemplate' but was actually of type 'org.springframework.data.redis.core.RedisTemplate'
	at org.springframework.context.annotation.CommonAnnotationBeanPostProcessor.postProcessProperties(CommonAnnotationBeanPostProcessor.java:324) ~[spring-context-5.1.9.RELEASE.jar:5.1.9.RELEASE]
	at org.springframework.beans.factory.support.AbstractAutowireCapableBeanFactory.populateBean(AbstractAutowireCapableBeanFactory.java:1411) ~[spring-beans-5.1.9.RELEASE.jar:5.1.9.RELEASE]
	at org.springframework.beans.factory.support.AbstractAutowireCapableBeanFactory.doCreateBean(AbstractAutowireCapableBeanFactory.java:592) ~[spring-beans-5.1.9.RELEASE.jar:5.1.9.RELEASE]
	at org.springframework.beans.factory.support.AbstractAutowireCapableBeanFactory.createBean(AbstractAutowireCapableBeanFactory.java:515) ~[spring-beans-5.1.9.RELEASE.jar:5.1.9.RELEASE]
	at org.springframework.beans.factory.support.AbstractBeanFactory.lambda$doGetBean$0(AbstractBeanFactory.java:320) ~[spring-beans-5.1.9.RELEASE.jar:5.1.9.RELEASE]
	at org.springframework.beans.factory.support.DefaultSingletonBeanRegistry.getSingleton(DefaultSingletonBeanRegistry.java:222) ~[spring-beans-5.1.9.RELEASE.jar:5.1.9.RELEASE]
	at org.springframework.beans.factory.support.AbstractBeanFactory.doGetBean(AbstractBeanFactory.java:318) ~[spring-beans-5.1.9.RELEASE.jar:5.1.9.RELEASE]
	at org.springframework.beans.factory.support.AbstractBeanFactory.getBean(AbstractBeanFactory.java:199) ~[spring-beans-5.1.9.RELEASE.jar:5.1.9.RELEASE]
	at org.springframework.beans.factory.config.DependencyDescriptor.resolveCandidate(DependencyDescriptor.java:277) ~[spring-beans-5.1.9.RELEASE.jar:5.1.9.RELEASE]
	at org.springframework.beans.factory.support.DefaultListableBeanFactory.doResolveDependency(DefaultListableBeanFactory.java:1251) ~[spring-beans-5.1.9.RELEASE.jar:5.1.9.RELEASE]
	at org.springframework.beans.factory.support.DefaultListableBeanFactory.resolveDependency(DefaultListableBeanFactory.java:1171) ~[spring-beans-5.1.9.RELEASE.jar:5.1.9.RELEASE]
	at org.springframework.context.annotation.CommonAnnotationBeanPostProcessor.autowireResource(CommonAnnotationBeanPostProcessor.java:520) ~[spring-context-5.1.9.RELEASE.jar:5.1.9.RELEASE]
	at org.springframework.context.annotation.CommonAnnotationBeanPostProcessor.getResource(CommonAnnotationBeanPostProcessor.java:496) ~[spring-context-5.1.9.RELEASE.jar:5.1.9.RELEASE]
	at org.springframework.context.annotation.CommonAnnotationBeanPostProcessor$ResourceElement.getResourceToInject(CommonAnnotationBeanPostProcessor.java:636) ~[spring-context-5.1.9.RELEASE.jar:5.1.9.RELEASE]
	at org.springframework.beans.factory.annotation.InjectionMetadata$InjectedElement.inject(InjectionMetadata.java:180) ~[spring-beans-5.1.9.RELEASE.jar:5.1.9.RELEASE]
	at org.springframework.beans.factory.annotation.InjectionMetadata.inject(InjectionMetadata.java:90) ~[spring-beans-5.1.9.RELEASE.jar:5.1.9.RELEASE]
	at org.springframework.context.annotation.CommonAnnotationBeanPostProcessor.postProcessProperties(CommonAnnotationBeanPostProcessor.java:321) ~[spring-context-5.1.9.RELEASE.jar:5.1.9.RELEASE]
	... 17 common frames omitted
Caused by: org.springframework.beans.factory.BeanNotOfRequiredTypeException: Bean named 'redisTemplate' is expected to be of type 'org.springframework.data.redis.core.StringRedisTemplate' but was actually of type 'org.springframework.data.redis.core.RedisTemplate'
	at org.springframework.beans.factory.support.AbstractBeanFactory.doGetBean(AbstractBeanFactory.java:392) ~[spring-beans-5.1.9.RELEASE.jar:5.1.9.RELEASE]
	at org.springframework.beans.factory.support.AbstractBeanFactory.getBean(AbstractBeanFactory.java:204) ~[spring-beans-5.1.9.RELEASE.jar:5.1.9.RELEASE]
	at org.springframework.beans.factory.support.AbstractAutowireCapableBeanFactory.resolveBeanByName(AbstractAutowireCapableBeanFactory.java:452) ~[spring-beans-5.1.9.RELEASE.jar:5.1.9.RELEASE]
	at org.springframework.context.annotation.CommonAnnotationBeanPostProcessor.autowireResource(CommonAnnotationBeanPostProcessor.java:526) ~[spring-context-5.1.9.RELEASE.jar:5.1.9.RELEASE]
	at org.springframework.context.annotation.CommonAnnotationBeanPostProcessor.getResource(CommonAnnotationBeanPostProcessor.java:496) ~[spring-context-5.1.9.RELEASE.jar:5.1.9.RELEASE]
	at org.springframework.context.annotation.CommonAnnotationBeanPostProcessor$ResourceElement.getResourceToInject(CommonAnnotationBeanPostProcessor.java:636) ~[spring-context-5.1.9.RELEASE.jar:5.1.9.RELEASE]
	at org.springframework.beans.factory.annotation.InjectionMetadata$InjectedElement.inject(InjectionMetadata.java:180) ~[spring-beans-5.1.9.RELEASE.jar:5.1.9.RELEASE]
	at org.springframework.beans.factory.annotation.InjectionMetadata.inject(InjectionMetadata.java:90) ~[spring-beans-5.1.9.RELEASE.jar:5.1.9.RELEASE]
	at org.springframework.context.annotation.CommonAnnotationBeanPostProcessor.postProcessProperties(CommonAnnotationBeanPostProcessor.java:321) ~[spring-context-5.1.9.RELEASE.jar:5.1.9.RELEASE]
	... 33 common frames omitted

